Using pre-set license
Built from '2020.2/release' branch; Version is '2020.2.1f1 (270dd8c3da1c) revision 2559448'; Using compiler version '192528614'; Build Type 'Release'
OS: 'Windows 10  (10.0.0) 64bit' Language: 'en' Physical Memory: 8083 MB
BatchMode: 1, IsHumanControllingUs: 0, StartBugReporterOnCrash: 0, Is64bit: 1, IsPro: 0

 COMMAND LINE ARGUMENTS:
C:\Program Files\Unity\Hub\Editor\2020.2.1f1\Editor\Unity.exe
-adb2
-batchMode
-noUpm
-name
AssetImportWorker0
-projectPath
C:/Users/david/ProjektnaUnity
-logFile
Logs/AssetImportWorker0.log
-srvPort
21095
Successfully changed project path to: C:/Users/david/ProjektnaUnity
C:/Users/david/ProjektnaUnity
Using Asset Import Pipeline V2.
Refreshing native plugins compatible for Editor in 49.98 ms, found 0 plugins.
Preloading 0 native plugins for Editor in 0.00 ms.
Initialize engine version: 2020.2.1f1 (270dd8c3da1c)
[Subsystems] Discovering subsystems at path C:/Program Files/Unity/Hub/Editor/2020.2.1f1/Editor/Data/Resources/UnitySubsystems
[Subsystems] Discovering subsystems at path C:/Users/david/ProjektnaUnity/Assets
GfxDevice: creating device client; threaded=0
Direct3D:
    Version:  Direct3D 11.0 [level 11.0]
    Renderer: NVIDIA GeForce 930MX (ID=0x134e)
    Vendor:   
    VRAM:     2010 MB
    Driver:   27.21.14.5225
Initialize mono
Mono path[0] = 'C:/Program Files/Unity/Hub/Editor/2020.2.1f1/Editor/Data/Managed'
Mono path[1] = 'C:/Program Files/Unity/Hub/Editor/2020.2.1f1/Editor/Data/MonoBleedingEdge/lib/mono/unityjit'
Mono config path = 'C:/Program Files/Unity/Hub/Editor/2020.2.1f1/Editor/Data/MonoBleedingEdge/etc'
Using monoOptions --debugger-agent=transport=dt_socket,embedding=1,server=y,suspend=n,address=127.0.0.1:56192
Begin MonoManager ReloadAssembly
Registering precompiled unity dll's ...
Register platform support module: C:/Program Files/Unity/Hub/Editor/2020.2.1f1/Editor/Data/PlaybackEngines/WindowsStandaloneSupport/UnityEditor.WindowsStandalone.Extensions.dll
Registered in 0.005793 seconds.
Native extension for WindowsStandalone target not found
Refreshing native plugins compatible for Editor in 55.56 ms, found 0 plugins.
Preloading 0 native plugins for Editor in 0.00 ms.
Invoked RoslynAnalysisRunner static constructor.
RoslynAnalysisRunner will not be running.
RoslynAnalysisRunner has terminated.
Mono: successfully reloaded assembly
- Completed reload, in 16.582 seconds
Platform modules already initialized, skipping
Registering precompiled user dll's ...
Registered in 0.001131 seconds.
Begin MonoManager ReloadAssembly
Native extension for WindowsStandalone target not found
Refreshing native plugins compatible for Editor in 0.54 ms, found 0 plugins.
Preloading 0 native plugins for Editor in 0.00 ms.
Invoked RoslynAnalysisRunner static constructor.
RoslynAnalysisRunner will not be running.
RoslynAnalysisRunner has terminated.
Mono: successfully reloaded assembly
- Completed reload, in  2.914 seconds
Platform modules already initialized, skipping
========================================================================
Worker process is ready to serve import requests
Launched and connected shader compiler UnityShaderCompiler.exe after 0.14 seconds
Refreshing native plugins compatible for Editor in 3.74 ms, found 0 plugins.
Preloading 0 native plugins for Editor in 0.00 ms.
Unloading 1096 Unused Serialized files (Serialized files now loaded: 0)
System memory in use before: 56.5 MB.
System memory in use after: 56.5 MB.

Unloading 10 unused Assets to reduce memory usage. Loaded Objects now: 1537.
Total: 2.944300 ms (FindLiveObjects: 0.222700 ms CreateObjectMapping: 0.079900 ms MarkObjects: 2.528200 ms  DeleteObjects: 0.111600 ms)

========================================================================
Received Import Request.
  path: Assets/GPS.cs
  artifactKey: Guid(4a6e0b3db8bb942418f0dab884b0006c) Importer(815301076,1909f56bfc062723c751e8b465ee728b)
Start importing Assets/GPS.cs using Guid(4a6e0b3db8bb942418f0dab884b0006c) Importer(815301076,1909f56bfc062723c751e8b465ee728b)  -> (artifact id: '510d1655091138fc177cbf01bd5416f0') in 0.105521 seconds
  Import took 0.117797 seconds .

========================================================================
Received Import Request.
  Time since last request: 60.425103 seconds.
  path: Assets/GPS.cs
  artifactKey: Guid(4a6e0b3db8bb942418f0dab884b0006c) Importer(815301076,1909f56bfc062723c751e8b465ee728b)
Start importing Assets/GPS.cs using Guid(4a6e0b3db8bb942418f0dab884b0006c) Importer(815301076,1909f56bfc062723c751e8b465ee728b)  -> (artifact id: '185d2d66e929aca1612753b7d34f6857') in 0.011589 seconds
  Import took 0.016166 seconds .

========================================================================
Received Import Request.
  Time since last request: 5.349711 seconds.
  path: Assets/GPS.cs
  artifactKey: Guid(4a6e0b3db8bb942418f0dab884b0006c) Importer(815301076,1909f56bfc062723c751e8b465ee728b)
Start importing Assets/GPS.cs using Guid(4a6e0b3db8bb942418f0dab884b0006c) Importer(815301076,1909f56bfc062723c751e8b465ee728b)  -> (artifact id: 'cd863fc34eaaf123517b304a66ca97c6') in 0.005332 seconds
  Import took 0.012297 seconds .

========================================================================
Received Import Request.
  Time since last request: 47.377069 seconds.
  path: Assets/GPS.cs
  artifactKey: Guid(4a6e0b3db8bb942418f0dab884b0006c) Importer(815301076,1909f56bfc062723c751e8b465ee728b)
Start importing Assets/GPS.cs using Guid(4a6e0b3db8bb942418f0dab884b0006c) Importer(815301076,1909f56bfc062723c751e8b465ee728b)  -> (artifact id: '42046362d502b141119a2eeef1be80b6') in 0.014154 seconds
  Import took 0.018824 seconds .

========================================================================
Received Import Request.
  Time since last request: 0.015360 seconds.
  path: Assets/GPS.cs
  artifactKey: Guid(4a6e0b3db8bb942418f0dab884b0006c) Importer(815301076,1909f56bfc062723c751e8b465ee728b)
Start importing Assets/GPS.cs using Guid(4a6e0b3db8bb942418f0dab884b0006c) Importer(815301076,1909f56bfc062723c751e8b465ee728b)  -> (artifact id: '42046362d502b141119a2eeef1be80b6') in 0.012375 seconds
  Import took 0.016195 seconds .

========================================================================
Received Import Request.
  Time since last request: 25.944033 seconds.
  path: Assets/GPS.cs
  artifactKey: Guid(4a6e0b3db8bb942418f0dab884b0006c) Importer(815301076,1909f56bfc062723c751e8b465ee728b)
Start importing Assets/GPS.cs using Guid(4a6e0b3db8bb942418f0dab884b0006c) Importer(815301076,1909f56bfc062723c751e8b465ee728b)  -> (artifact id: '41f69ea295e8595710ba2ffe7c195eb1') in 0.013207 seconds
  Import took 0.017576 seconds .

========================================================================
Received Import Request.
  Time since last request: 0.008241 seconds.
  path: Assets/GPS.cs
  artifactKey: Guid(4a6e0b3db8bb942418f0dab884b0006c) Importer(815301076,1909f56bfc062723c751e8b465ee728b)
Start importing Assets/GPS.cs using Guid(4a6e0b3db8bb942418f0dab884b0006c) Importer(815301076,1909f56bfc062723c751e8b465ee728b)  -> (artifact id: '41f69ea295e8595710ba2ffe7c195eb1') in 0.007442 seconds
  Import took 0.018874 seconds .

========================================================================
Received Import Request.
  Time since last request: 27.430900 seconds.
  path: Assets/GPS.cs
  artifactKey: Guid(4a6e0b3db8bb942418f0dab884b0006c) Importer(815301076,1909f56bfc062723c751e8b465ee728b)
Start importing Assets/GPS.cs using Guid(4a6e0b3db8bb942418f0dab884b0006c) Importer(815301076,1909f56bfc062723c751e8b465ee728b)  -> (artifact id: 'd46c6e794df77bac0c80b33c7005c06b') in 0.014035 seconds
  Import took 0.016953 seconds .

========================================================================
Received Prepare
Registering precompiled user dll's ...
Registered in 0.001423 seconds.
Begin MonoManager ReloadAssembly
Native extension for WindowsStandalone target not found
Refreshing native plugins compatible for Editor in 0.33 ms, found 0 plugins.
Preloading 0 native plugins for Editor in 0.00 ms.
Invoked RoslynAnalysisRunner static constructor.
RoslynAnalysisRunner will not be running.
RoslynAnalysisRunner has terminated.
Mono: successfully reloaded assembly
- Completed reload, in  3.005 seconds
Platform modules already initialized, skipping
Refreshing native plugins compatible for Editor in 0.52 ms, found 0 plugins.
Preloading 0 native plugins for Editor in 0.00 ms.
Unloading 1093 Unused Serialized files (Serialized files now loaded: 0)
System memory in use before: 56.5 MB.
System memory in use after: 56.6 MB.

Unloading 5 unused Assets to reduce memory usage. Loaded Objects now: 1539.
Total: 4.761800 ms (FindLiveObjects: 0.345800 ms CreateObjectMapping: 0.143900 ms MarkObjects: 4.190500 ms  DeleteObjects: 0.078400 ms)

========================================================================
Received Prepare
Refreshing native plugins compatible for Editor in 1.95 ms, found 0 plugins.
Preloading 0 native plugins for Editor in 0.00 ms.
Unloading 6 Unused Serialized files (Serialized files now loaded: 0)
System memory in use before: 35.1 MB.
System memory in use after: 35.2 MB.

Unloading 3 unused Assets to reduce memory usage. Loaded Objects now: 1539.
Total: 3.107600 ms (FindLiveObjects: 0.277400 ms CreateObjectMapping: 0.097700 ms MarkObjects: 2.670500 ms  DeleteObjects: 0.059200 ms)

========================================================================
Received Prepare
Refreshing native plugins compatible for Editor in 1.08 ms, found 0 plugins.
Preloading 0 native plugins for Editor in 0.00 ms.
Unloading 3 Unused Serialized files (Serialized files now loaded: 0)
System memory in use before: 35.1 MB.
System memory in use after: 35.2 MB.

Unloading 3 unused Assets to reduce memory usage. Loaded Objects now: 1539.
Total: 3.265600 ms (FindLiveObjects: 0.210300 ms CreateObjectMapping: 0.055600 ms MarkObjects: 2.932600 ms  DeleteObjects: 0.065100 ms)

========================================================================
Received Prepare
Registering precompiled user dll's ...
Registered in 0.001568 seconds.
Begin MonoManager ReloadAssembly
Native extension for WindowsStandalone target not found
Refreshing native plugins compatible for Editor in 0.34 ms, found 0 plugins.
Preloading 0 native plugins for Editor in 0.00 ms.
Invoked RoslynAnalysisRunner static constructor.
RoslynAnalysisRunner will not be running.
RoslynAnalysisRunner has terminated.
Mono: successfully reloaded assembly
- Completed reload, in  2.353 seconds
Platform modules already initialized, skipping
Refreshing native plugins compatible for Editor in 0.29 ms, found 0 plugins.
Preloading 0 native plugins for Editor in 0.00 ms.
Unloading 1093 Unused Serialized files (Serialized files now loaded: 0)
System memory in use before: 56.8 MB.
System memory in use after: 56.9 MB.

Unloading 5 unused Assets to reduce memory usage. Loaded Objects now: 1541.
Total: 6.812200 ms (FindLiveObjects: 0.253300 ms CreateObjectMapping: 0.062400 ms MarkObjects: 6.138100 ms  DeleteObjects: 0.319000 ms)

========================================================================
Received Prepare
Refreshing native plugins compatible for Editor in 3.47 ms, found 0 plugins.
Preloading 0 native plugins for Editor in 0.00 ms.
Unloading 6 Unused Serialized files (Serialized files now loaded: 0)
System memory in use before: 35.4 MB.
System memory in use after: 35.5 MB.

Unloading 3 unused Assets to reduce memory usage. Loaded Objects now: 1541.
Total: 12.958600 ms (FindLiveObjects: 0.340300 ms CreateObjectMapping: 0.107300 ms MarkObjects: 11.880000 ms  DeleteObjects: 0.624600 ms)

========================================================================
Received Import Request.
  Time since last request: 964.719666 seconds.
  path: Assets/GPS.cs
  artifactKey: Guid(4a6e0b3db8bb942418f0dab884b0006c) Importer(815301076,1909f56bfc062723c751e8b465ee728b)
Start importing Assets/GPS.cs using Guid(4a6e0b3db8bb942418f0dab884b0006c) Importer(815301076,1909f56bfc062723c751e8b465ee728b)  -> (artifact id: 'f7f37a371660fc044399963d2bb3cce3') in 0.006945 seconds
  Import took 0.012338 seconds .

========================================================================
Received Import Request.
  Time since last request: 0.009019 seconds.
  path: Assets/GPS.cs
  artifactKey: Guid(4a6e0b3db8bb942418f0dab884b0006c) Importer(815301076,1909f56bfc062723c751e8b465ee728b)
Start importing Assets/GPS.cs using Guid(4a6e0b3db8bb942418f0dab884b0006c) Importer(815301076,1909f56bfc062723c751e8b465ee728b)  -> (artifact id: 'f7f37a371660fc044399963d2bb3cce3') in 0.007917 seconds
  Import took 0.010913 seconds .

========================================================================
Received Prepare
Registering precompiled user dll's ...
Registered in 0.001076 seconds.
Begin MonoManager ReloadAssembly
Native extension for WindowsStandalone target not found
Refreshing native plugins compatible for Editor in 0.44 ms, found 0 plugins.
Preloading 0 native plugins for Editor in 0.00 ms.
Invoked RoslynAnalysisRunner static constructor.
RoslynAnalysisRunner will not be running.
RoslynAnalysisRunner has terminated.
Mono: successfully reloaded assembly
- Completed reload, in  1.749 seconds
Platform modules already initialized, skipping
Refreshing native plugins compatible for Editor in 0.44 ms, found 0 plugins.
Preloading 0 native plugins for Editor in 0.00 ms.
Unloading 1093 Unused Serialized files (Serialized files now loaded: 0)
System memory in use before: 57.0 MB.
System memory in use after: 57.1 MB.

Unloading 5 unused Assets to reduce memory usage. Loaded Objects now: 1543.
Total: 3.819000 ms (FindLiveObjects: 0.306600 ms CreateObjectMapping: 0.114200 ms MarkObjects: 3.003600 ms  DeleteObjects: 0.392100 ms)

========================================================================
Received Import Request.
  Time since last request: 102.681553 seconds.
  path: Assets/GPS.cs
  artifactKey: Guid(4a6e0b3db8bb942418f0dab884b0006c) Importer(815301076,1909f56bfc062723c751e8b465ee728b)
Start importing Assets/GPS.cs using Guid(4a6e0b3db8bb942418f0dab884b0006c) Importer(815301076,1909f56bfc062723c751e8b465ee728b)  -> (artifact id: '89ca6c341256ad131c69b5bd84d5934a') in 0.014382 seconds
  Import took 0.018882 seconds .

========================================================================
Received Import Request.
  Time since last request: 0.002568 seconds.
  path: Assets/GPS.cs
  artifactKey: Guid(4a6e0b3db8bb942418f0dab884b0006c) Importer(815301076,1909f56bfc062723c751e8b465ee728b)
Start importing Assets/GPS.cs using Guid(4a6e0b3db8bb942418f0dab884b0006c) Importer(815301076,1909f56bfc062723c751e8b465ee728b)  -> (artifact id: '89ca6c341256ad131c69b5bd84d5934a') in 0.004709 seconds
  Import took 0.008846 seconds .

========================================================================
Received Prepare
Refreshing native plugins compatible for Editor in 1.14 ms, found 0 plugins.
Preloading 0 native plugins for Editor in 0.00 ms.
Unloading 6 Unused Serialized files (Serialized files now loaded: 0)
System memory in use before: 35.6 MB.
System memory in use after: 35.7 MB.

Unloading 3 unused Assets to reduce memory usage. Loaded Objects now: 1543.
Total: 5.173800 ms (FindLiveObjects: 0.223100 ms CreateObjectMapping: 0.210400 ms MarkObjects: 4.271000 ms  DeleteObjects: 0.461900 ms)

AssetImportWorkerClient::OnTransportError - code=2 error=End of file
